CRITICAL - 2024-01-31 21:32:25 --> Invalid argument supplied for foreach()
#0 C:\xampp\htdocs\kasir\app\Views\tambah_barang_masuk.php(97): CodeIgniter\Debug\Exceptions->errorHandler(2, 'Invalid argumen...', 'C:\\xampp\\htdocs...', 97, Array)
#1 C:\xampp\htdocs\kasir\system\View\View.php(210): include('C:\\xampp\\htdocs...')
#2 C:\xampp\htdocs\kasir\system\View\View.php(213): CodeIgniter\View\View->CodeIgniter\View\{closure}()
#3 C:\xampp\htdocs\kasir\system\Common.php(1089): CodeIgniter\View\View->render('tambah_barang_m...', Array, true)
#4 C:\xampp\htdocs\kasir\app\Controllers\Home.php(150): view('tambah_barang_m...')
#5 C:\xampp\htdocs\kasir\system\CodeIgniter.php(832): App\Controllers\Home->tambah_barang_masuk()
#6 C:\xampp\htdocs\kasir\system\CodeIgniter.php(419): CodeIgniter\CodeIgniter->runController(Object(App\Controllers\Home))
#7 C:\xampp\htdocs\kasir\system\CodeIgniter.php(326): CodeIgniter\CodeIgniter->handleRequest(NULL, Object(Config\Cache), false)
#8 C:\xampp\htdocs\kasir\public\index.php(37): CodeIgniter\CodeIgniter->run()
#9 C:\xampp\htdocs\kasir\system\Commands\Server\rewrite.php(43): require_once('C:\\xampp\\htdocs...')
#10 {main}
ERROR - 2024-01-31 21:41:37 --> Column 'nama_barang' cannot be null
CRITICAL - 2024-01-31 21:52:05 --> Call to a member function table() on null
#0 C:\xampp\htdocs\kasir\app\Controllers\Home.php(138): App\Models\M_model->simpan('barang', Array)
#1 C:\xampp\htdocs\kasir\system\CodeIgniter.php(832): App\Controllers\Home->i_bm()
#2 C:\xampp\htdocs\kasir\system\CodeIgniter.php(419): CodeIgniter\CodeIgniter->runController(Object(App\Controllers\Home))
#3 C:\xampp\htdocs\kasir\system\CodeIgniter.php(326): CodeIgniter\CodeIgniter->handleRequest(NULL, Object(Config\Cache), false)
#4 C:\xampp\htdocs\kasir\public\index.php(37): CodeIgniter\CodeIgniter->run()
#5 C:\xampp\htdocs\kasir\system\Commands\Server\rewrite.php(43): require_once('C:\\xampp\\htdocs...')
#6 {main}
