CRITICAL - 2024-01-30 00:09:33 --> Invalid argument supplied for foreach()
#0 C:\xampp\htdocs\kasir\app\Views\tambah_barang.php(96): CodeIgniter\Debug\Exceptions->errorHandler(2, 'Invalid argumen...', 'C:\\xampp\\htdocs...', 96, Array)
#1 C:\xampp\htdocs\kasir\system\View\View.php(210): include('C:\\xampp\\htdocs...')
#2 C:\xampp\htdocs\kasir\system\View\View.php(213): CodeIgniter\View\View->CodeIgniter\View\{closure}()
#3 C:\xampp\htdocs\kasir\system\Common.php(1089): CodeIgniter\View\View->render('tambah_barang', Array, true)
#4 C:\xampp\htdocs\kasir\app\Controllers\Home.php(98): view('tambah_barang')
#5 C:\xampp\htdocs\kasir\system\CodeIgniter.php(832): App\Controllers\Home->tambah_barang()
#6 C:\xampp\htdocs\kasir\system\CodeIgniter.php(419): CodeIgniter\CodeIgniter->runController(Object(App\Controllers\Home))
#7 C:\xampp\htdocs\kasir\system\CodeIgniter.php(326): CodeIgniter\CodeIgniter->handleRequest(NULL, Object(Config\Cache), false)
#8 C:\xampp\htdocs\kasir\public\index.php(37): CodeIgniter\CodeIgniter->run()
#9 C:\xampp\htdocs\kasir\system\Commands\Server\rewrite.php(43): require_once('C:\\xampp\\htdocs...')
#10 {main}
CRITICAL - 2024-01-30 00:11:52 --> Invalid argument supplied for foreach()
#0 C:\xampp\htdocs\kasir\app\Views\tambah_barang.php(96): CodeIgniter\Debug\Exceptions->errorHandler(2, 'Invalid argumen...', 'C:\\xampp\\htdocs...', 96, Array)
#1 C:\xampp\htdocs\kasir\system\View\View.php(210): include('C:\\xampp\\htdocs...')
#2 C:\xampp\htdocs\kasir\system\View\View.php(213): CodeIgniter\View\View->CodeIgniter\View\{closure}()
#3 C:\xampp\htdocs\kasir\system\Common.php(1089): CodeIgniter\View\View->render('tambah_barang', Array, true)
#4 C:\xampp\htdocs\kasir\app\Controllers\Home.php(98): view('tambah_barang')
#5 C:\xampp\htdocs\kasir\system\CodeIgniter.php(832): App\Controllers\Home->tambah_barang()
#6 C:\xampp\htdocs\kasir\system\CodeIgniter.php(419): CodeIgniter\CodeIgniter->runController(Object(App\Controllers\Home))
#7 C:\xampp\htdocs\kasir\system\CodeIgniter.php(326): CodeIgniter\CodeIgniter->handleRequest(NULL, Object(Config\Cache), false)
#8 C:\xampp\htdocs\kasir\public\index.php(37): CodeIgniter\CodeIgniter->run()
#9 C:\xampp\htdocs\kasir\system\Commands\Server\rewrite.php(43): require_once('C:\\xampp\\htdocs...')
#10 {main}
CRITICAL - 2024-01-30 00:14:19 --> Invalid argument supplied for foreach()
#0 C:\xampp\htdocs\kasir\app\Views\tambah_barang.php(96): CodeIgniter\Debug\Exceptions->errorHandler(2, 'Invalid argumen...', 'C:\\xampp\\htdocs...', 96, Array)
#1 C:\xampp\htdocs\kasir\system\View\View.php(210): include('C:\\xampp\\htdocs...')
#2 C:\xampp\htdocs\kasir\system\View\View.php(213): CodeIgniter\View\View->CodeIgniter\View\{closure}()
#3 C:\xampp\htdocs\kasir\system\Common.php(1089): CodeIgniter\View\View->render('tambah_barang', Array, true)
#4 C:\xampp\htdocs\kasir\app\Controllers\Home.php(100): view('tambah_barang')
#5 C:\xampp\htdocs\kasir\system\CodeIgniter.php(832): App\Controllers\Home->tambah_barang()
#6 C:\xampp\htdocs\kasir\system\CodeIgniter.php(419): CodeIgniter\CodeIgniter->runController(Object(App\Controllers\Home))
#7 C:\xampp\htdocs\kasir\system\CodeIgniter.php(326): CodeIgniter\CodeIgniter->handleRequest(NULL, Object(Config\Cache), false)
#8 C:\xampp\htdocs\kasir\public\index.php(37): CodeIgniter\CodeIgniter->run()
#9 C:\xampp\htdocs\kasir\system\Commands\Server\rewrite.php(43): require_once('C:\\xampp\\htdocs...')
#10 {main}
CRITICAL - 2024-01-30 00:14:20 --> Invalid argument supplied for foreach()
#0 C:\xampp\htdocs\kasir\app\Views\tambah_barang.php(96): CodeIgniter\Debug\Exceptions->errorHandler(2, 'Invalid argumen...', 'C:\\xampp\\htdocs...', 96, Array)
#1 C:\xampp\htdocs\kasir\system\View\View.php(210): include('C:\\xampp\\htdocs...')
#2 C:\xampp\htdocs\kasir\system\View\View.php(213): CodeIgniter\View\View->CodeIgniter\View\{closure}()
#3 C:\xampp\htdocs\kasir\system\Common.php(1089): CodeIgniter\View\View->render('tambah_barang', Array, true)
#4 C:\xampp\htdocs\kasir\app\Controllers\Home.php(100): view('tambah_barang')
#5 C:\xampp\htdocs\kasir\system\CodeIgniter.php(832): App\Controllers\Home->tambah_barang()
#6 C:\xampp\htdocs\kasir\system\CodeIgniter.php(419): CodeIgniter\CodeIgniter->runController(Object(App\Controllers\Home))
#7 C:\xampp\htdocs\kasir\system\CodeIgniter.php(326): CodeIgniter\CodeIgniter->handleRequest(NULL, Object(Config\Cache), false)
#8 C:\xampp\htdocs\kasir\public\index.php(37): CodeIgniter\CodeIgniter->run()
#9 C:\xampp\htdocs\kasir\system\Commands\Server\rewrite.php(43): require_once('C:\\xampp\\htdocs...')
#10 {main}
CRITICAL - 2024-01-30 00:14:21 --> Invalid argument supplied for foreach()
#0 C:\xampp\htdocs\kasir\app\Views\tambah_barang.php(96): CodeIgniter\Debug\Exceptions->errorHandler(2, 'Invalid argumen...', 'C:\\xampp\\htdocs...', 96, Array)
#1 C:\xampp\htdocs\kasir\system\View\View.php(210): include('C:\\xampp\\htdocs...')
#2 C:\xampp\htdocs\kasir\system\View\View.php(213): CodeIgniter\View\View->CodeIgniter\View\{closure}()
#3 C:\xampp\htdocs\kasir\system\Common.php(1089): CodeIgniter\View\View->render('tambah_barang', Array, true)
#4 C:\xampp\htdocs\kasir\app\Controllers\Home.php(100): view('tambah_barang')
#5 C:\xampp\htdocs\kasir\system\CodeIgniter.php(832): App\Controllers\Home->tambah_barang()
#6 C:\xampp\htdocs\kasir\system\CodeIgniter.php(419): CodeIgniter\CodeIgniter->runController(Object(App\Controllers\Home))
#7 C:\xampp\htdocs\kasir\system\CodeIgniter.php(326): CodeIgniter\CodeIgniter->handleRequest(NULL, Object(Config\Cache), false)
#8 C:\xampp\htdocs\kasir\public\index.php(37): CodeIgniter\CodeIgniter->run()
#9 C:\xampp\htdocs\kasir\system\Commands\Server\rewrite.php(43): require_once('C:\\xampp\\htdocs...')
#10 {main}
CRITICAL - 2024-01-30 00:14:21 --> Invalid argument supplied for foreach()
#0 C:\xampp\htdocs\kasir\app\Views\tambah_barang.php(96): CodeIgniter\Debug\Exceptions->errorHandler(2, 'Invalid argumen...', 'C:\\xampp\\htdocs...', 96, Array)
#1 C:\xampp\htdocs\kasir\system\View\View.php(210): include('C:\\xampp\\htdocs...')
#2 C:\xampp\htdocs\kasir\system\View\View.php(213): CodeIgniter\View\View->CodeIgniter\View\{closure}()
#3 C:\xampp\htdocs\kasir\system\Common.php(1089): CodeIgniter\View\View->render('tambah_barang', Array, true)
#4 C:\xampp\htdocs\kasir\app\Controllers\Home.php(100): view('tambah_barang')
#5 C:\xampp\htdocs\kasir\system\CodeIgniter.php(832): App\Controllers\Home->tambah_barang()
#6 C:\xampp\htdocs\kasir\system\CodeIgniter.php(419): CodeIgniter\CodeIgniter->runController(Object(App\Controllers\Home))
#7 C:\xampp\htdocs\kasir\system\CodeIgniter.php(326): CodeIgniter\CodeIgniter->handleRequest(NULL, Object(Config\Cache), false)
#8 C:\xampp\htdocs\kasir\public\index.php(37): CodeIgniter\CodeIgniter->run()
#9 C:\xampp\htdocs\kasir\system\Commands\Server\rewrite.php(43): require_once('C:\\xampp\\htdocs...')
#10 {main}
ERROR - 2024-01-30 21:54:01 --> Column 'nama_barang' cannot be null
ERROR - 2024-01-30 21:56:40 --> Column 'nama_barang' cannot be null
ERROR - 2024-01-30 21:57:28 --> Column 'nama_barang' cannot be null
ERROR - 2024-01-30 21:57:50 --> Column 'nama_barang' cannot be null
ERROR - 2024-01-30 21:58:26 --> Column 'nama_barang' cannot be null
CRITICAL - 2024-01-30 22:02:00 --> Cannot redeclare App\Controllers\Home::barang_masuk()
#0 [internal function]: CodeIgniter\Debug\Exceptions->shutdownHandler()
#1 {main}
CRITICAL - 2024-01-30 22:02:01 --> Cannot redeclare App\Controllers\Home::barang_masuk()
#0 [internal function]: CodeIgniter\Debug\Exceptions->shutdownHandler()
#1 {main}
CRITICAL - 2024-01-30 22:07:19 --> Invalid argument supplied for foreach()
#0 C:\xampp\htdocs\kasir\app\Views\tambah_barang_masuk.php(97): CodeIgniter\Debug\Exceptions->errorHandler(2, 'Invalid argumen...', 'C:\\xampp\\htdocs...', 97, Array)
#1 C:\xampp\htdocs\kasir\system\View\View.php(210): include('C:\\xampp\\htdocs...')
#2 C:\xampp\htdocs\kasir\system\View\View.php(213): CodeIgniter\View\View->CodeIgniter\View\{closure}()
#3 C:\xampp\htdocs\kasir\system\Common.php(1089): CodeIgniter\View\View->render('tambah_barang_m...', Array, true)
#4 C:\xampp\htdocs\kasir\app\Controllers\Home.php(150): view('tambah_barang_m...')
#5 C:\xampp\htdocs\kasir\system\CodeIgniter.php(832): App\Controllers\Home->tambah_barang_masuk()
#6 C:\xampp\htdocs\kasir\system\CodeIgniter.php(419): CodeIgniter\CodeIgniter->runController(Object(App\Controllers\Home))
#7 C:\xampp\htdocs\kasir\system\CodeIgniter.php(326): CodeIgniter\CodeIgniter->handleRequest(NULL, Object(Config\Cache), false)
#8 C:\xampp\htdocs\kasir\public\index.php(37): CodeIgniter\CodeIgniter->run()
#9 C:\xampp\htdocs\kasir\system\Commands\Server\rewrite.php(43): require_once('C:\\xampp\\htdocs...')
#10 {main}
