CRITICAL - 2024-01-27 00:06:56 --> Invalid file: user.php
#0 C:\xampp\htdocs\kasir\system\View\View.php(198): CodeIgniter\Exceptions\FrameworkException::forInvalidFile('user.php')
#1 C:\xampp\htdocs\kasir\system\Common.php(1089): CodeIgniter\View\View->render('user', Array, true)
#2 C:\xampp\htdocs\kasir\app\Controllers\Home.php(60): view('user')
#3 C:\xampp\htdocs\kasir\system\CodeIgniter.php(832): App\Controllers\Home->user()
#4 C:\xampp\htdocs\kasir\system\CodeIgniter.php(419): CodeIgniter\CodeIgniter->runController(Object(App\Controllers\Home))
#5 C:\xampp\htdocs\kasir\system\CodeIgniter.php(326): CodeIgniter\CodeIgniter->handleRequest(NULL, Object(Config\Cache), false)
#6 C:\xampp\htdocs\kasir\public\index.php(37): CodeIgniter\CodeIgniter->run()
#7 C:\xampp\htdocs\kasir\system\Commands\Server\rewrite.php(43): require_once('C:\\xampp\\htdocs...')
#8 {main}
CRITICAL - 2024-01-27 01:22:22 --> Invalid argument supplied for foreach()
#0 C:\xampp\htdocs\kasir\app\Views\user.php(530): CodeIgniter\Debug\Exceptions->errorHandler(2, 'Invalid argumen...', 'C:\\xampp\\htdocs...', 530, Array)
#1 C:\xampp\htdocs\kasir\system\View\View.php(210): include('C:\\xampp\\htdocs...')
#2 C:\xampp\htdocs\kasir\system\View\View.php(213): CodeIgniter\View\View->CodeIgniter\View\{closure}()
#3 C:\xampp\htdocs\kasir\system\Common.php(1089): CodeIgniter\View\View->render('user', Array, true)
#4 C:\xampp\htdocs\kasir\app\Controllers\Home.php(60): view('user')
#5 C:\xampp\htdocs\kasir\system\CodeIgniter.php(832): App\Controllers\Home->user()
#6 C:\xampp\htdocs\kasir\system\CodeIgniter.php(419): CodeIgniter\CodeIgniter->runController(Object(App\Controllers\Home))
#7 C:\xampp\htdocs\kasir\system\CodeIgniter.php(326): CodeIgniter\CodeIgniter->handleRequest(NULL, Object(Config\Cache), false)
#8 C:\xampp\htdocs\kasir\public\index.php(37): CodeIgniter\CodeIgniter->run()
#9 C:\xampp\htdocs\kasir\system\Commands\Server\rewrite.php(43): require_once('C:\\xampp\\htdocs...')
#10 {main}
