CRITICAL - 2024-01-29 23:21:33 --> You must set the database table to be used with your query.
#0 C:\xampp\htdocs\kasir\system\Model.php(545): CodeIgniter\Database\BaseConnection->table(NULL)
#1 C:\xampp\htdocs\kasir\system\Model.php(722): CodeIgniter\Model->builder()
#2 C:\xampp\htdocs\kasir\app\Controllers\Home.php(87): CodeIgniter\Model->__call('join', Array)
#3 C:\xampp\htdocs\kasir\system\CodeIgniter.php(832): App\Controllers\Home->barang_masuk()
#4 C:\xampp\htdocs\kasir\system\CodeIgniter.php(419): CodeIgniter\CodeIgniter->runController(Object(App\Controllers\Home))
#5 C:\xampp\htdocs\kasir\system\CodeIgniter.php(326): CodeIgniter\CodeIgniter->handleRequest(NULL, Object(Config\Cache), false)
#6 C:\xampp\htdocs\kasir\public\index.php(37): CodeIgniter\CodeIgniter->run()
#7 C:\xampp\htdocs\kasir\system\Commands\Server\rewrite.php(43): require_once('C:\\xampp\\htdocs...')
#8 {main}
CRITICAL - 2024-01-29 23:39:42 --> Invalid file: tambah barang.php
#0 C:\xampp\htdocs\kasir\system\View\View.php(198): CodeIgniter\Exceptions\FrameworkException::forInvalidFile('tambah barang.p...')
#1 C:\xampp\htdocs\kasir\system\Common.php(1089): CodeIgniter\View\View->render('tambah barang', Array, true)
#2 C:\xampp\htdocs\kasir\app\Controllers\Home.php(98): view('tambah barang')
#3 C:\xampp\htdocs\kasir\system\CodeIgniter.php(832): App\Controllers\Home->tambah_barang()
#4 C:\xampp\htdocs\kasir\system\CodeIgniter.php(419): CodeIgniter\CodeIgniter->runController(Object(App\Controllers\Home))
#5 C:\xampp\htdocs\kasir\system\CodeIgniter.php(326): CodeIgniter\CodeIgniter->handleRequest(NULL, Object(Config\Cache), false)
#6 C:\xampp\htdocs\kasir\public\index.php(37): CodeIgniter\CodeIgniter->run()
#7 C:\xampp\htdocs\kasir\system\Commands\Server\rewrite.php(43): require_once('C:\\xampp\\htdocs...')
#8 {main}
